<?xml version="1.0" encoding="UTF-8"?>
<testsuite xmlns:xsi="http://www.w3.org/2001/XMLSchema-instance" xsi:noNamespaceSchemaLocation="https://maven.apache.org/surefire/maven-surefire-plugin/xsd/surefire-test-report.xsd" version="3.0.1" name="com.nit.tests.AppTest" time="0.11" tests="6" errors="0" skipped="0" failures="0">
  <properties>
[...]
</properties>
  <testcase name="testSingletonLocalTime" classname="com.nit.tests.AppTest" time="0.032">
    <system-out><![CDATA[AppTest.Initlization()
hi
Bye
]]></system-out>
  </testcase>
  <testcase name="testPallindromeWithValidData" classname="com.nit.tests.AppTest" time="0.005">
    <system-out><![CDATA[hi
Bye
]]></system-out>
  </testcase>
  <testcase name="showDatebyValidMonths" classname="com.nit.tests.AppTest" time="0.004">
    <system-out><![CDATA[hi
Bye
]]></system-out>
  </testcase>
  <testcase name="showDatebyInValidMonths" classname="com.nit.tests.AppTest" time="0.005">
    <system-out><![CDATA[hi
Bye
]]></system-out>
  </testcase>
  <testcase name="testPallindromeWithInValidData" classname="com.nit.tests.AppTest" time="0.002">
    <system-out><![CDATA[hi
Bye
]]></system-out>
  </testcase>
  <testcase name="testSingletonRuntime" classname="com.nit.tests.AppTest" time="0.004">
    <system-out><![CDATA[hi
Bye
]]></system-out>
  </testcase>
</testsuite>